[stonesthrow.cafe/index.html]
[backblue.gif]
[fade.gif]
[index.html]
[stonesthrow.cafe/home.html]
[img1.wsimg.com/isteam/ip/decbbbc0-67ba-4578-b4a8-041dd576bc37/910f5ff2-21ae-4e0b-a0d4-7a7a1e77c5f4.jpg]
[stonesthrow.cafe/menu-1.html]
[stonesthrow.cafe/bar-&-drinks.html]
[img1.wsimg.com/poly/v2/polyfill.minc664.js]
[img1.wsimg.com/tcc/tcc_l.combined.1.0.6.min.js]
[stonesthrow.cafe/index.html]
[img1.wsimg.com/ceph-p3-01/website-builder-data-prod/static/widgets/UX.3.20.4.js]
[stonesthrow.cafe/home.html]
[stonesthrow.cafe/menu-1.html]
[stonesthrow.cafe/bar-&-drinks.html]
[stonesthrow.cafe/mapIcon/close.html]
[stonesthrow.cafe/mapIcon/gmapThumb.html]
[stonesthrow.cafe/mapIcon/mboxThumb.html]
[stonesthrow.cafe/GET.html]
[img1.wsimg.com/tcc/tcc_l.combined.1.0.6.min.js]
[stonesthrow.cafe/POST]
[stonesthrow.cafe/mapIcon/expand.svg]
